#
# There is insufficient memory for the Java Runtime Environment to continue.
# Native memory allocation (malloc) failed to allocate 525856 bytes for Chunk::new
# Possible reasons:
#   The system is out of physical RAM or swap space
#   The process is running with CompressedOops enabled, and the Java Heap may be blocking the growth of the native heap
# Possible solutions:
#   Reduce memory load on the system
#   Increase physical memory or swap space
#   Check if swap backing store is full
#   Decrease Java heap size (-Xmx/-Xms)
#   Decrease number of Java threads
#   Decrease Java thread stack sizes (-Xss)
#   Set larger code cache with -XX:ReservedCodeCacheSize=
#   JVM is running with Unscaled Compressed Oops mode in which the Java heap is
#     placed in the first 4GB address space. The Java Heap base address is the
#     maximum limit for the native heap growth. Please use -XX:HeapBaseMinAddress
#     to set the Java Heap base and to place the Java Heap above 4GB virtual address.
# This output file may be truncated or incomplete.
#
#  Out of Memory Error (allocation.cpp:389), pid=2856, tid=0x0000000000000810
#
# JRE version: Java(TM) SE Runtime Environment (8.0_202-b08) (build 1.8.0_202-b08)
# Java VM: Java HotSpot(TM) 64-Bit Server VM (25.202-b08 mixed mode windows-amd64 compressed oops)
# Failed to write core dump. Minidumps are not enabled by default on client versions of Windows
#

---------------  T H R E A D  ---------------

Current thread (0x0000000014ecc800):  JavaThread "C2 CompilerThread0" daemon [_thread_in_native, id=2064, stack(0x0000000016510000,0x0000000016610000)]

Stack: [0x0000000016510000,0x0000000016610000]
[error occurred during error reporting (printing stack bounds), id 0xc0000005]

Native frames: (J=compiled Java code, j=interpreted, Vv=VM code, C=native code)


Current CompileTask:
C2:  15277 2124   !   4       sun.misc.URLClassPath$JarLoader::getResource (353 bytes)


---------------  P R O C E S S  ---------------

Java Threads: ( => current thread )
  0x0000000017205800 JavaThread "AsyncHttpClient-1-4" daemon [_thread_in_native, id=8708, stack(0x000000001c240000,0x000000001c340000)]
  0x0000000017209000 JavaThread "AsyncHttpClient-1-3" daemon [_thread_in_native, id=10236, stack(0x000000001bd30000,0x000000001be30000)]
  0x0000000017204800 JavaThread "ForkJoinPool.commonPool-worker-2" daemon [_thread_blocked, id=8064, stack(0x000000001a620000,0x000000001a720000)]
  0x0000000017208800 JavaThread "AsyncHttpClient-1-2" daemon [_thread_in_native, id=8588, stack(0x000000001b520000,0x000000001b620000)]
  0x0000000017204000 JavaThread "UrlChecker-2" daemon [_thread_blocked, id=8648, stack(0x000000001b120000,0x000000001b220000)]
  0x0000000018165000 JavaThread "Driver Service Executor" daemon [_thread_blocked, id=2868, stack(0x000000001b020000,0x000000001b120000)]
  0x0000000018164800 JavaThread "Driver Service Executor" daemon [_thread_blocked, id=5828, stack(0x000000001af20000,0x000000001b020000)]
  0x00000000182f2000 JavaThread "Exec Stream Pumper" daemon [_thread_in_native, id=1028, stack(0x000000001ae20000,0x000000001af20000)]
  0x0000000017df6800 JavaThread "Exec Stream Pumper" daemon [_thread_in_native, id=4776, stack(0x000000001ad20000,0x000000001ae20000)]
  0x000000001858d800 JavaThread "Exec Default Executor" daemon [_thread_in_native, id=872, stack(0x000000001ac20000,0x000000001ad20000)]
  0x0000000018313000 JavaThread "AsyncHttpClient-1-1" daemon [_thread_blocked, id=7832, stack(0x000000001a720000,0x000000001a820000)]
  0x000000001822a800 JavaThread "TestNG-test=Test-1" [_thread_in_vm, id=10348, stack(0x0000000018d20000,0x0000000018e20000)]
  0x00000000173ee000 JavaThread "ReaderThread" [_thread_in_native, id=2492, stack(0x0000000018a20000,0x0000000018b20000)]
  0x0000000014f1c800 JavaThread "Service Thread" daemon [_thread_blocked, id=1644, stack(0x0000000016c10000,0x0000000016d10000)]
  0x0000000014eda000 JavaThread "C1 CompilerThread2" daemon [_thread_blocked, id=9040, stack(0x0000000016710000,0x0000000016810000)]
  0x0000000014ed6800 JavaThread "C2 CompilerThread1" daemon [_thread_blocked, id=10320, stack(0x0000000016610000,0x0000000016710000)]
=>0x0000000014ecc800 JavaThread "C2 CompilerThread0" daemon [_thread_in_native, id=2064, stack(0x0000000016510000,0x0000000016610000)]
  0x0000000014eca800 JavaThread "Attach Listener" daemon [_thread_blocked, id=9020, stack(0x0000000016410000,0x0000000016510000)]
  0x0000000014ec9000 JavaThread "Signal Dispatcher" daemon [_thread_blocked, id=7396, stack(0x0000000016310000,0x0000000016410000)]
  0x0000000014eac800 JavaThread "Finalizer" daemon [_thread_blocked, id=11112, stack(0x0000000016110000,0x0000000016210000)]
  0x0000000002818000 JavaThread "Reference Handler" daemon [_thread_blocked, id=10292, stack(0x0000000016010000,0x0000000016110000)]
  0x0000000002727000 JavaThread "main" [_thread_blocked, id=5888, stack(0x0000000002620000,0x0000000002720000)]

Other Threads:
  0x0000000014e87800 VMThread [stack: 0x0000000015f10000,0x0000000016010000] [id=8372]
  0x0000000016891800 WatcherThread [stack: 0x0000000016d10000,0x0000000016e10000] [id=8288]

VM state:not at safepoint (normal execution)

VM Mutex/Monitor currently owned by a thread: None

heap address: 0x00000000c0400000, size: 1020 MB, Compressed Oops mode: 32-bit
Narrow klass base: 0x0000000000000000, Narrow klass shift: 3
Compressed class space size: 1073741824 Address: 0x0000000100000000

Heap:
 PSYoungGen      total 72704K, used 15165K [0x00000000eac00000, 0x00000000efa00000, 0x0000000100000000)
  eden space 65536K, 12% used [0x00000000eac00000,0x00000000eb3d5ea8,0x00000000eec00000)
  from space 7168K, 99% used [0x00000000eec00000,0x00000000ef2f9948,0x00000000ef300000)
  to   space 6656K, 0% used [0x00000000ef380000,0x00000000ef380000,0x00000000efa00000)
 ParOldGen       total 38912K, used 14794K [0x00000000c0400000, 0x00000000c2a00000, 0x00000000eac00000)
  object space 38912K, 38% used [0x00000000c0400000,0x00000000c1272978,0x00000000c2a00000)
 Metaspace       used 29401K, capacity 30652K, committed 30720K, reserved 1075200K
  class space    used 3761K, capacity 4038K, committed 4096K, reserved 1048576K

Card table byte_map: [0x0000000011be0000,0x0000000011de0000] byte_map_base: 0x00000000115de000

Marking Bits: (ParMarkBitMap*) 0x0000000077c55ce0
 Begin Bits: [0x0000000012340000, 0x0000000013330000)
 End Bits:   [0x0000000013330000, 0x0000000014320000)

Polling page: 0x0000000000730000

CodeCache: size=245760Kb used=6052Kb max_used=6917Kb free=239707Kb
 bounds [0x0000000002820000, 0x0000000002ef0000, 0x0000000011820000]
 total_blobs=2376 nmethods=1856 adapters=432
 compilation: enabled

Compilation events (10 events):
Event: 15.217 Thread 0x0000000014ed6800 2127  s    4       java.util.Vector::addElement (38 bytes)
Event: 15.223 Thread 0x0000000014ed6800 nmethod 2127 0x0000000002988a90 code [0x0000000002988be0, 0x0000000002988fa8]
Event: 15.251 Thread 0x0000000014eda000 2128       3       java.util.regex.Pattern$GroupHead::<init> (10 bytes)
Event: 15.251 Thread 0x0000000014eda000 nmethod 2128 0x0000000002964850 code [0x00000000029649c0, 0x0000000002964bf0]
Event: 15.252 Thread 0x0000000014eda000 2129       3       java.util.regex.Pattern$GroupTail::<init> (17 bytes)
Event: 15.252 Thread 0x0000000014eda000 nmethod 2129 0x000000000295d490 code [0x000000000295d600, 0x000000000295d850]
Event: 15.252 Thread 0x0000000014ed6800 2131       4       java.lang.Character::codePointAt (51 bytes)
Event: 15.252 Thread 0x0000000014eda000 2130       3       java.util.regex.Pattern$7::isSatisfiedBy (28 bytes)
Event: 15.253 Thread 0x0000000014eda000 nmethod 2130 0x00000000029a29d0 code [0x00000000029a2b60, 0x00000000029a2ef8]
Event: 15.255 Thread 0x0000000014ed6800 nmethod 2131 0x0000000002a18590 code [0x0000000002a186e0, 0x0000000002a187f8]

GC Heap History (10 events):
Event: 4.769 GC heap before
{Heap before GC invocations=4 (full 0):
 PSYoungGen      total 18944K, used 18912K [0x00000000eac00000, 0x00000000ed100000, 0x0000000100000000)
  eden space 16384K, 100% used [0x00000000eac00000,0x00000000ebc00000,0x00000000ebc00000)
  from space 2560K, 98% used [0x00000000ebc00000,0x00000000ebe78020,0x00000000ebe80000)
  to   space 2560K, 0% used [0x00000000ece80000,0x00000000ece80000,0x00000000ed100000)
 ParOldGen       total 44032K, used 2439K [0x00000000c0400000, 0x00000000c2f00000, 0x00000000eac00000)
  object space 44032K, 5% used [0x00000000c0400000,0x00000000c0661fc0,0x00000000c2f00000)
 Metaspace       used 14935K, capacity 15334K, committed 15488K, reserved 1062912K
  class space    used 1787K, capacity 1905K, committed 1920K, reserved 1048576K
Event: 4.781 GC heap after
Heap after GC invocations=4 (full 0):
 PSYoungGen      total 35328K, used 2528K [0x00000000eac00000, 0x00000000ed100000, 0x0000000100000000)
  eden space 32768K, 0% used [0x00000000eac00000,0x00000000eac00000,0x00000000ecc00000)
  from space 2560K, 98% used [0x00000000ece80000,0x00000000ed0f8020,0x00000000ed100000)
  to   space 2560K, 0% used [0x00000000ecc00000,0x00000000ecc00000,0x00000000ece80000)
 ParOldGen       total 44032K, used 4854K [0x00000000c0400000, 0x00000000c2f00000, 0x00000000eac00000)
  object space 44032K, 11% used [0x00000000c0400000,0x00000000c08bdab8,0x00000000c2f00000)
 Metaspace       used 14935K, capacity 15334K, committed 15488K, reserved 1062912K
  class space    used 1787K, capacity 1905K, committed 1920K, reserved 1048576K
}
Event: 6.758 GC heap before
{Heap before GC invocations=5 (full 0):
 PSYoungGen      total 35328K, used 35296K [0x00000000eac00000, 0x00000000ed100000, 0x0000000100000000)
  eden space 32768K, 100% used [0x00000000eac00000,0x00000000ecc00000,0x00000000ecc00000)
  from space 2560K, 98% used [0x00000000ece80000,0x00000000ed0f8020,0x00000000ed100000)
  to   space 2560K, 0% used [0x00000000ecc00000,0x00000000ecc00000,0x00000000ece80000)
 ParOldGen       total 44032K, used 4854K [0x00000000c0400000, 0x00000000c2f00000, 0x00000000eac00000)
  object space 44032K, 11% used [0x00000000c0400000,0x00000000c08bdab8,0x00000000c2f00000)
 Metaspace       used 19201K, capacity 19696K, committed 19968K, reserved 1067008K
  class space    used 2318K, capacity 2492K, committed 2560K, reserved 1048576K
Event: 6.781 GC heap after
Heap after GC invocations=5 (full 0):
 PSYoungGen      total 35328K, used 2544K [0x00000000eac00000, 0x00000000efb00000, 0x0000000100000000)
  eden space 32768K, 0% used [0x00000000eac00000,0x00000000eac00000,0x00000000ecc00000)
  from space 2560K, 99% used [0x00000000ecc00000,0x00000000ece7c040,0x00000000ece80000)
  to   space 7680K, 0% used [0x00000000ef380000,0x00000000ef380000,0x00000000efb00000)
 ParOldGen       total 44032K, used 10028K [0x00000000c0400000, 0x00000000c2f00000, 0x00000000eac00000)
  object space 44032K, 22% used [0x00000000c0400000,0x00000000c0dcb2c8,0x00000000c2f00000)
 Metaspace       used 19201K, capacity 19696K, committed 19968K, reserved 1067008K
  class space    used 2318K, capacity 2492K, committed 2560K, reserved 1048576K
}
Event: 7.179 GC heap before
{Heap before GC invocations=6 (full 0):
 PSYoungGen      total 35328K, used 15250K [0x00000000eac00000, 0x00000000efb00000, 0x0000000100000000)
  eden space 32768K, 38% used [0x00000000eac00000,0x00000000eb868818,0x00000000ecc00000)
  from space 2560K, 99% used [0x00000000ecc00000,0x00000000ece7c040,0x00000000ece80000)
  to   space 7680K, 0% used [0x00000000ef380000,0x00000000ef380000,0x00000000efb00000)
 ParOldGen       total 44032K, used 10028K [0x00000000c0400000, 0x00000000c2f00000, 0x00000000eac00000)
  object space 44032K, 22% used [0x00000000c0400000,0x00000000c0dcb2c8,0x00000000c2f00000)
 Metaspace       used 20581K, capacity 21132K, committed 21248K, reserved 1067008K
  class space    used 2526K, capacity 2732K, committed 2816K, reserved 1048576K
Event: 7.191 GC heap after
Heap after GC invocations=6 (full 0):
 PSYoungGen      total 72192K, used 4197K [0x00000000eac00000, 0x00000000efa00000, 0x0000000100000000)
  eden space 65536K, 0% used [0x00000000eac00000,0x00000000eac00000,0x00000000eec00000)
  from space 6656K, 63% used [0x00000000ef380000,0x00000000ef799610,0x00000000efa00000)
  to   space 7168K, 0% used [0x00000000eec00000,0x00000000eec00000,0x00000000ef300000)
 ParOldGen       total 44032K, used 10036K [0x00000000c0400000, 0x00000000c2f00000, 0x00000000eac00000)
  object space 44032K, 22% used [0x00000000c0400000,0x00000000c0dcd2c8,0x00000000c2f00000)
 Metaspace       used 20581K, capacity 21132K, committed 21248K, reserved 1067008K
  class space    used 2526K, capacity 2732K, committed 2816K, reserved 1048576K
}
Event: 7.192 GC heap before
{Heap before GC invocations=7 (full 1):
 PSYoungGen      total 72192K, used 4197K [0x00000000eac00000, 0x00000000efa00000, 0x0000000100000000)
  eden space 65536K, 0% used [0x00000000eac00000,0x00000000eac00000,0x00000000eec00000)
  from space 6656K, 63% used [0x00000000ef380000,0x00000000ef799610,0x00000000efa00000)
  to   space 7168K, 0% used [0x00000000eec00000,0x00000000eec00000,0x00000000ef300000)
 ParOldGen       total 44032K, used 10036K [0x00000000c0400000, 0x00000000c2f00000, 0x00000000eac00000)
  object space 44032K, 22% used [0x00000000c0400000,0x00000000c0dcd2c8,0x00000000c2f00000)
 Metaspace       used 20581K, capacity 21132K, committed 21248K, reserved 1067008K
  class space    used 2526K, capacity 2732K, committed 2816K, reserved 1048576K
Event: 7.292 GC heap after
Heap after GC invocations=7 (full 1):
 PSYoungGen      total 72192K, used 0K [0x00000000eac00000, 0x00000000efa00000, 0x0000000100000000)
  eden space 65536K, 0% used [0x00000000eac00000,0x00000000eac00000,0x00000000eec00000)
  from space 6656K, 0% used [0x00000000ef380000,0x00000000ef380000,0x00000000efa00000)
  to   space 7168K, 0% used [0x00000000eec00000,0x00000000eec00000,0x00000000ef300000)
 ParOldGen       total 38912K, used 9810K [0x00000000c0400000, 0x00000000c2a00000, 0x00000000eac00000)
  object space 38912K, 25% used [0x00000000c0400000,0x00000000c0d94be0,0x00000000c2a00000)
 Metaspace       used 20581K, capacity 21132K, committed 21248K, reserved 1067008K
  class space    used 2526K, capacity 2732K, committed 2816K, reserved 1048576K
}
Event: 15.014 GC heap before
{Heap before GC invocations=8 (full 1):
 PSYoungGen      total 72192K, used 65536K [0x00000000eac00000, 0x00000000efa00000, 0x0000000100000000)
  eden space 65536K, 100% used [0x00000000eac00000,0x00000000eec00000,0x00000000eec00000)
  from space 6656K, 0% used [0x00000000ef380000,0x00000000ef380000,0x00000000efa00000)
  to   space 7168K, 0% used [0x00000000eec00000,0x00000000eec00000,0x00000000ef300000)
 ParOldGen       total 38912K, used 9810K [0x00000000c0400000, 0x00000000c2a00000, 0x00000000eac00000)
  object space 38912K, 25% used [0x00000000c0400000,0x00000000c0d94bf8,0x00000000c2a00000)
 Metaspace       used 28565K, capacity 29820K, committed 29952K, reserved 1075200K
  class space    used 3690K, capacity 3974K, committed 4096K, reserved 1048576K
Event: 15.040 GC heap after
Heap after GC invocations=8 (full 1):
 PSYoungGen      total 72704K, used 7142K [0x00000000eac00000, 0x00000000efa00000, 0x0000000100000000)
  eden space 65536K, 0% used [0x00000000eac00000,0x00000000eac00000,0x00000000eec00000)
  from space 7168K, 99% used [0x00000000eec00000,0x00000000ef2f9948,0x00000000ef300000)
  to   space 6656K, 0% used [0x00000000ef380000,0x00000000ef380000,0x00000000efa00000)
 ParOldGen       total 38912K, used 14794K [0x00000000c0400000, 0x00000000c2a00000, 0x00000000eac00000)
  object space 38912K, 38% used [0x00000000c0400000,0x00000000c1272978,0x00000000c2a00000)
 Metaspace       used 28565K, capacity 29820K, committed 29952K, reserved 1075200K
  class space    used 3690K, capacity 3974K, committed 4096K, reserved 1048576K
}

Deoptimization events (10 events):
Event: 7.051 Thread 0x000000001822a800 Uncommon trap: reason=unstable_if action=reinterpret pc=0x0000000002c934d4 method=java.io.WinNTFileSystem.isLetter(C)Z @ 3
Event: 7.937 Thread 0x000000001822a800 Uncommon trap: reason=class_check action=maybe_recompile pc=0x0000000002c3e1c0 method=java.util.regex.Matcher.search(I)Z @ 86
Event: 7.937 Thread 0x000000001822a800 Uncommon trap: reason=class_check action=maybe_recompile pc=0x0000000002c3e1c0 method=java.util.regex.Matcher.search(I)Z @ 86
Event: 7.937 Thread 0x000000001822a800 Uncommon trap: reason=class_check action=maybe_recompile pc=0x0000000002c3e1c0 method=java.util.regex.Matcher.search(I)Z @ 86
Event: 7.938 Thread 0x000000001822a800 Uncommon trap: reason=class_check action=maybe_recompile pc=0x0000000002c3e1c0 method=java.util.regex.Matcher.search(I)Z @ 86
Event: 7.992 Thread 0x000000001822a800 Uncommon trap: reason=unstable_if action=reinterpret pc=0x00000000029bf314 method=java.lang.String.replace(CC)Ljava/lang/String; @ 2
Event: 8.690 Thread 0x000000001822a800 Uncommon trap: reason=unstable_if action=reinterpret pc=0x0000000002cae954 method=jdk.internal.org.objectweb.asm.Type.getArgumentsAndReturnSizes(Ljava/lang/String;)I @ 41
Event: 9.036 Thread 0x000000001822a800 Uncommon trap: reason=unstable_if action=reinterpret pc=0x0000000002bd7ccc method=java.util.regex.Pattern$BmpCharProperty.match(Ljava/util/regex/Matcher;ILjava/lang/CharSequence;)Z @ 34
Event: 13.070 Thread 0x000000001822a800 Uncommon trap: reason=unstable_if action=reinterpret pc=0x0000000002db571c method=java.util.concurrent.ConcurrentHashMap.putVal(Ljava/lang/Object;Ljava/lang/Object;Z)Ljava/lang/Object; @ 181
Event: 15.008 Thread 0x000000001822a800 Uncommon trap: reason=unstable_if action=reinterpret pc=0x0000000002dcfe18 method=java.util.concurrent.ConcurrentHashMap.get(Ljava/lang/Object;)Ljava/lang/Object; @ 76

Classes redefined (0 events):
No events

Internal exceptions (10 events):
Event: 6.690 Thread 0x000000001822a800 Exception <a 'java/lang/NoSuchMethodError': java.lang.Object.lambda$create$1(Ljava/lang/String;Lorg/openqa/selenium/remote/http/HttpClient$Factory;)Z> (0x00000000eca44c08) thrown at [C:\re\workspace\8-2-build-windows-amd64-cygwin\jdk8u202\12323\hotspot\sr
Event: 6.902 Thread 0x000000001822a800 Exception <a 'java/lang/NoClassDefFoundError'> (0x00000000eaf9c110) thrown at [C:\re\workspace\8-2-build-windows-amd64-cygwin\jdk8u202\12323\hotspot\src\share\vm\oops\instanceKlass.cpp, line 959]
Event: 7.797 Thread 0x000000001822a800 Exception <a 'java/lang/NoSuchMethodError': java.lang.Object.lambda$andFinally$1(Lorg/openqa/selenium/remote/http/HttpHandler;Lorg/openqa/selenium/remote/http/HttpRequest;)Lorg/openqa/selenium/remote/http/HttpResponse;> (0x00000000eba67440) thrown at [C:\
Event: 7.931 Thread 0x000000001822a800 Exception <a 'java/lang/IncompatibleClassChangeError': Found class java.lang.Object, but interface was expected> (0x00000000ebc8f820) thrown at [C:\re\workspace\8-2-build-windows-amd64-cygwin\jdk8u202\12323\hotspot\src\share\vm\interpreter\linkResolver.cp
Event: 7.936 Thread 0x000000001822a800 Exception <a 'java/lang/NoSuchMethodError': java.lang.Object.lambda$or$2(Ljava/util/function/Predicate;Ljava/lang/Object;)Z> (0x00000000ebc997c0) thrown at [C:\re\workspace\8-2-build-windows-amd64-cygwin\jdk8u202\12323\hotspot\src\share\vm\interpreter\lin
Event: 8.621 Thread 0x0000000017204000 Exception <a 'java/net/SocketTimeoutException': connect timed out> (0x00000000ec073f88) thrown at [C:\re\workspace\8-2-build-windows-amd64-cygwin\jdk8u202\12323\hotspot\src\share\vm\prims\jni.cpp, line 736]
Event: 8.684 Thread 0x000000001822a800 Exception <a 'java/lang/NoSuchMethodError': java.lang.Object.lambda$andThen$1(Ljava/util/function/Function;Ljava/lang/Object;)Ljava/lang/Object;> (0x00000000ec10d8c8) thrown at [C:\re\workspace\8-2-build-windows-amd64-cygwin\jdk8u202\12323\hotspot\src\sha
Event: 8.803 Thread 0x000000001822a800 Exception <a 'java/lang/NoSuchMethodError': java.lang.Object.lambda$chars$0()Ljava/util/Spliterator$OfInt;> (0x00000000ec30b1f0) thrown at [C:\re\workspace\8-2-build-windows-amd64-cygwin\jdk8u202\12323\hotspot\src\share\vm\interpreter\linkResolver.cpp, li
Event: 8.955 Thread 0x000000001822a800 Exception <a 'java/lang/NoSuchMethodError': java.lang.Object.lambda$negate$1(Ljava/lang/Object;)Z> (0x00000000ec696888) thrown at [C:\re\workspace\8-2-build-windows-amd64-cygwin\jdk8u202\12323\hotspot\src\share\vm\interpreter\linkResolver.cpp, line 620]
Event: 12.998 Thread 0x000000001822a800 Exception <a 'java/lang/NoSuchMethodError': java.lang.Object.lambda$getResponseFunction$0(Lorg/openqa/selenium/remote/InitialHandshakeResponse;)Lorg/openqa/selenium/remote/ProtocolHandshake$Result;> (0x00000000ee1e1be8) thrown at [C:\re\workspace\8-2-buil

Events (10 events):
Event: 15.265 loading class org/apache/commons/compress/archivers/ArchiveEntry
Event: 15.265 loading class org/apache/commons/compress/archivers/ArchiveEntry done
Event: 15.266 loading class org/apache/poi/openxml4j/opc/internal/marshallers/PackagePropertiesMarshaller$NamespaceImpl
Event: 15.266 loading class org/apache/poi/openxml4j/opc/internal/marshallers/PackagePropertiesMarshaller$NamespaceImpl done
Event: 15.267 loading class org/apache/poi/openxml4j/opc/internal/ZipHelper
Event: 15.267 loading class org/apache/poi/openxml4j/opc/internal/ZipHelper done
Event: 15.268 loading class org/apache/commons/compress/archivers/zip/ZipArchiveInputStream
Event: 15.269 loading class org/apache/commons/compress/archivers/zip/ZipArchiveInputStream done
Event: 15.272 loading class org/apache/commons/compress/utils/InputStreamStatistics
Event: 15.272 loading class org/apache/commons/compress/utils/InputStreamStatistics done


Dynamic libraries:
0x00007ff73afd0000 - 0x00007ff73b007000 	C:\Program Files\Java\jdk1.8.0_202\bin\javaw.exe
0x00007ffb03f10000 - 0x00007ffb04108000 	C:\Windows\SYSTEM32\ntdll.dll
0x00007ffb03730000 - 0x00007ffb037ef000 	C:\Windows\System32\KERNEL32.DLL
0x00007ffb01c90000 - 0x00007ffb01f6a000 	C:\Windows\System32\KERNELBASE.dll
0x00007ffb03230000 - 0x00007ffb032de000 	C:\Windows\System32\ADVAPI32.dll
0x00007ffb03190000 - 0x00007ffb0322e000 	C:\Windows\System32\msvcrt.dll
0x00007ffb03420000 - 0x00007ffb034bc000 	C:\Windows\System32\sechost.dll
0x00007ffb037f0000 - 0x00007ffb03916000 	C:\Windows\System32\RPCRT4.dll
0x00007ffb02050000 - 0x00007ffb021ed000 	C:\Windows\System32\USER32.dll
0x00007ffb01800000 - 0x00007ffb01822000 	C:\Windows\System32\win32u.dll
0x00007ffb02760000 - 0x00007ffb0278b000 	C:\Windows\System32\GDI32.dll
0x00007ffb019b0000 - 0x00007ffb01ac0000 	C:\Windows\System32\gdi32full.dll
0x00007ffb01830000 - 0x00007ffb018cd000 	C:\Windows\System32\msvcp_win.dll
0x00007ffb01620000 - 0x00007ffb01720000 	C:\Windows\System32\ucrtbase.dll
0x00007ffaf0820000 - 0x00007ffaf0aba000 	C:\Windows\WinSxS\amd64_microsoft.windows.common-controls_6595b64144ccf1df_6.0.19041.1110_none_60b5254171f9507e\COMCTL32.dll
0x00007ffb02020000 - 0x00007ffb02050000 	C:\Windows\System32\IMM32.DLL
0x0000000077ce0000 - 0x0000000077db2000 	C:\Program Files\Java\jdk1.8.0_202\jre\bin\msvcr100.dll
0x0000000077430000 - 0x0000000077cd5000 	C:\Program Files\Java\jdk1.8.0_202\jre\bin\server\jvm.dll
0x00007ffb033b0000 - 0x00007ffb033b8000 	C:\Windows\System32\PSAPI.DLL
0x00007ffaf5760000 - 0x00007ffaf576a000 	C:\Windows\SYSTEM32\VERSION.dll
0x00007ffaf3670000 - 0x00007ffaf3697000 	C:\Windows\SYSTEM32\WINMM.dll
0x00007ffaf0d50000 - 0x00007ffaf0d59000 	C:\Windows\SYSTEM32\WSOCK32.dll
0x00007ffb03120000 - 0x00007ffb0318b000 	C:\Windows\System32\WS2_32.dll
0x00007ffaecc10000 - 0x00007ffaecc1f000 	C:\Program Files\Java\jdk1.8.0_202\jre\bin\verify.dll
0x00007ffaec7b0000 - 0x00007ffaec7d9000 	C:\Program Files\Java\jdk1.8.0_202\jre\bin\java.dll
0x00007ffaec680000 - 0x00007ffaec696000 	C:\Program Files\Java\jdk1.8.0_202\jre\bin\zip.dll
0x00007ffb029d0000 - 0x00007ffb03114000 	C:\Windows\System32\SHELL32.dll
0x00007ffaff6e0000 - 0x00007ffaffe73000 	C:\Windows\SYSTEM32\windows.storage.dll
0x00007ffb03b70000 - 0x00007ffb03ec4000 	C:\Windows\System32\combase.dll
0x00007ffb01080000 - 0x00007ffb010ae000 	C:\Windows\SYSTEM32\Wldp.dll
0x00007ffb035f0000 - 0x00007ffb0369d000 	C:\Windows\System32\SHCORE.dll
0x00007ffb032e0000 - 0x00007ffb03335000 	C:\Windows\System32\shlwapi.dll
0x00007ffb01560000 - 0x00007ffb0157f000 	C:\Windows\SYSTEM32\profapi.dll
0x00007ffaec630000 - 0x00007ffaec64a000 	C:\Program Files\Java\jdk1.8.0_202\jre\bin\net.dll
0x00007ffaf66c0000 - 0x00007ffaf68ac000 	C:\Windows\SYSTEM32\urlmon.dll
0x00007ffaf7fb0000 - 0x00007ffaf8261000 	C:\Windows\SYSTEM32\iertutil.dll
0x00007ffaf6680000 - 0x00007ffaf66a8000 	C:\Windows\SYSTEM32\srvcli.dll
0x00007ffb00b90000 - 0x00007ffb00b9c000 	C:\Windows\SYSTEM32\netutils.dll
0x00007ffb00de0000 - 0x00007ffb00e4a000 	C:\Windows\system32\mswsock.dll
0x00007ffb00ac0000 - 0x00007ffb00b8b000 	C:\Windows\SYSTEM32\DNSAPI.dll
0x00007ffb00a80000 - 0x00007ffb00abc000 	C:\Windows\SYSTEM32\IPHLPAPI.DLL
0x00007ffb033a0000 - 0x00007ffb033a8000 	C:\Windows\System32\NSI.dll
0x00007ffaf1440000 - 0x00007ffaf144a000 	C:\Windows\System32\rasadhlp.dll
0x00007ffaf1f50000 - 0x00007ffaf1fd0000 	C:\Windows\System32\fwpuclnt.dll
0x00007ffb018d0000 - 0x00007ffb018f7000 	C:\Windows\System32\bcrypt.dll
0x00007ffb00fe0000 - 0x00007ffb00ff8000 	C:\Windows\SYSTEM32\CRYPTSP.dll
0x00007ffb00620000 - 0x00007ffb00654000 	C:\Windows\system32\rsaenh.dll
0x00007ffb01520000 - 0x00007ffb0154e000 	C:\Windows\SYSTEM32\USERENV.dll
0x00007ffb01720000 - 0x00007ffb017a2000 	C:\Windows\System32\bcryptprimitives.dll
0x00007ffb00fd0000 - 0x00007ffb00fdc000 	C:\Windows\SYSTEM32\CRYPTBASE.dll
0x00007ffaf5170000 - 0x00007ffaf5187000 	C:\Windows\SYSTEM32\dhcpcsvc6.DLL
0x00007ffaf62a0000 - 0x00007ffaf62bd000 	C:\Windows\SYSTEM32\dhcpcsvc.DLL
0x00007ffaec4e0000 - 0x00007ffaec4f2000 	C:\Program Files\Java\jdk1.8.0_202\jre\bin\nio.dll
0x00007ffae03d0000 - 0x00007ffae03f4000 	C:\Program Files\Java\jdk1.8.0_202\jre\bin\sunec.dll
0x00007ffaf1900000 - 0x00007ffaf190b000 	C:\Program Files\Java\jdk1.8.0_202\jre\bin\sunmscapi.dll
0x00007ffb01b30000 - 0x00007ffb01c86000 	C:\Windows\System32\CRYPT32.dll
0x00007ffaf18f0000 - 0x00007ffaf18fd000 	C:\Program Files\Java\jdk1.8.0_202\jre\bin\management.dll
0x00007ffaee160000 - 0x00007ffaee177000 	C:\Windows\system32\napinsp.dll
0x00007ffaee140000 - 0x00007ffaee15b000 	C:\Windows\system32\pnrpnsp.dll
0x00007ffaf8af0000 - 0x00007ffaf8b05000 	C:\Windows\system32\wshbth.dll
0x00007ffafcf50000 - 0x00007ffafcf6d000 	C:\Windows\system32\NLAapi.dll
0x00007ffaedeb0000 - 0x00007ffaedec2000 	C:\Windows\System32\winrnr.dll

VM Arguments:
jvm_args: -ea -Dfile.encoding=UTF-8 
java_command: org.testng.remote.RemoteTestNG -serport 49898 -protocol json -d C:\Users\User\EclipseWorkspace\7MartSupermarket\test-output C:\Users\User\EclipseWorkspace\7MartSupermarket\Parallel_classes_testng.xml
java_class_path (initial): C:\Users\User\eclipse\java-2021-12\eclipse\configuration\org.eclipse.osgi\432\0\.cp\lib\testng-remote.jar;C:\Users\User\EclipseWorkspace\7MartSupermarket\target\test-classes;C:\Users\User\EclipseWorkspace\7MartSupermarket\target\classes;C:\Users\User\.p2\pool\plugins\org.testng_7.4.0.r202105021533.jar;C:\Users\User\.p2\pool\plugins\com.beust.jcommander_1.78.0.jar;C:\Users\User\.p2\pool\plugins\org.apache-extras.beanshell.bsh_2.0.0.b6.jar;C:\Users\User\.p2\pool\plugins\org.yaml.snakeyaml_1.21.0.jar;C:\Users\User\.p2\pool\plugins\org.webjars.jquery_3.5.1.jar;C:\Users\User\.m2\repository\log4j\log4j\1.2.17\log4j-1.2.17.jar;C:\Users\User\.m2\repository\io\github\bonigarcia\webdrivermanager\5.1.1\webdrivermanager-5.1.1.jar;C:\Users\User\.m2\repository\org\slf4j\slf4j-api\1.7.36\slf4j-api-1.7.36.jar;C:\Users\User\.m2\repository\com\google\code\gson\gson\2.9.0\gson-2.9.0.jar;C:\Users\User\.m2\repository\com\github\docker-java\docker-java\3.2.13\docker-java-3.2.13.jar;C:\Users\User\.m2\repository\com\github\docker-java\docker-java-core\3.2.13\docker-java-core-3.2.13.jar;C:\Users\User\.m2\repository\com\github\docker-java\docker-java-api\3.2.13\docker-java-api-3.2.13.jar;C:\Users\User\.m2\repository\com\fasterxml\jackson\core\jackson-annotations\2.10.3\jackson-annotations-2.10.3.jar;C:\Users\User\.m2\repository\com\fasterxml\jackson\core\jackson-databind\2.10.3\jackson-databind-2.10.3.jar;C:\Users\User\.m2\repository\com\fasterxml\jackson\core\jackson-core\2.10.3\jackson-core-2.10.3.jar;C:\Users\User\.m2\repository\org\bouncycastle\bcpkix-jdk15on\1.64\bcpkix-jdk15on-1.64.jar;C:\Users\User\.m2\repository\org\bouncycastle\bcprov-jdk15on\1.64\bcprov-jdk15on-1.64.jar;C:\Users\User\.m2\repository\org\slf4j\jcl-over-slf4j\1.7.30\jcl-over-slf4j-1.7.30.jar;C:\Users\User\.m2\repository\com\github\docker-java\docker-java-transport-httpclient5\3.2.13\docker-java-transport-httpclient5-3.2.13.jar;C:\Users\User\.m2\repository\com\github\docker-java\docker-java
Launcher Type: SUN_STANDARD

Environment Variables:
JAVA_HOME=C:\Program Files\Java\jdk1.8.0_202
PATH=C:/Users/User/.p2/pool/plugins/org.eclipse.justj.openjdk.hotspot.jre.full.win32.x86_64_19.0.2.v20230129-1123/jre/bin/server;C:/Users/User/.p2/pool/plugins/org.eclipse.justj.openjdk.hotspot.jre.full.win32.x86_64_19.0.2.v20230129-1123/jre/bin;C:\Program Files\Java\jdk1.8.0_202\bin;C:\Program Files\apache-maven-3.8.6\bin;C:\Users\Git\cmd;C:\Program Files\apache-maven-3.8.6\bin;C:\Program Files\Java\jdk1.8.0_202\bin;C:\Program Files\apache-maven-3.8.6\bin;C:\Users\User\Desktop;
USERNAME=User
OS=Windows_NT
PROCESSOR_IDENTIFIER=Intel64 Family 6 Model 42 Stepping 7, GenuineIntel



---------------  S Y S T E M  ---------------

OS: Windows 10.0 , 64 bit Build 19041 (10.0.19041.2788)

CPU:total 4 (initial active 4) (2 cores per cpu, 2 threads per core) family 6 model 42 stepping 7, cmov, cx8, fxsr, mmx, sse, sse2, sse3, ssse3, sse4.1, sse4.2, popcnt, avx, clmul, ht, tsc, tscinvbit

Memory: 4k page, physical 4175724k(571636k free), swap 4326584k(2172k free)

vm_info: Java HotSpot(TM) 64-Bit Server VM (25.202-b08) for windows-amd64 JRE (1.8.0_202-b08), built on Dec 15 2018 19:54:30 by "java_re" with MS VC++ 10.0 (VS2010)

time: Wed Apr 26 19:04:32 2023
timezone: India Standard Time
elapsed time: 15 seconds (0d 0h 0m 15s)

